================================================================================
Verbose logging started: 2025-05-19 23:09:32
Log level: DEBUG
Calling process: /home/qx/calculus/fx/nvim/nvim/bin/nvim
Neovim version: 0.12.0
Process ID: 7240
Parent process ID: 7239
OS name: {
  machine = "x86_64",
  release = "6.14.6-arch1-1",
  sysname = "Linux",
  version = "#1 SMP PREEMPT_DYNAMIC Fri, 09 May 2025 17:36:18 +0000"
}
GUI running: 0
WSL running: 0
================================================================================
[2025-05-19T23:09:32.007189000+08:00 client/init.lua:26 INFO] Load API key from storage successfully
[2025-05-19T23:09:32.047176000+08:00 chat/conversation_types_provider.lua:69 DEBUG] ConversationTypesProvider will load built-in templates based on extension URI: /home/qx/calculus/fx/fittencode.nvim
[2025-05-19T23:09:32.047221000+08:00 chat/conversation_types_provider.lua:86 INFO] Loading built-in template from: /home/qx/calculus/fx/fittencode.nvim/template/chat/chat-en.rdt.md
[2025-05-19T23:09:32.047244000+08:00 chat/conversation_types_provider.lua:86 INFO] Loading built-in template from: /home/qx/calculus/fx/fittencode.nvim/template/chat/chat-zh-cn.rdt.md
[2025-05-19T23:09:32.047251000+08:00 chat/conversation_types_provider.lua:86 INFO] Loading built-in template from: /home/qx/calculus/fx/fittencode.nvim/template/task/diagnose-errors-en.rdt.md
[2025-05-19T23:09:32.047257000+08:00 chat/conversation_types_provider.lua:86 INFO] Loading built-in template from: /home/qx/calculus/fx/fittencode.nvim/template/task/diagnose-errors-zh-cn.rdt.md
[2025-05-19T23:09:32.047265000+08:00 chat/conversation_types_provider.lua:86 INFO] Loading built-in template from: /home/qx/calculus/fx/fittencode.nvim/template/task/diagnose-errors.rdt.md
[2025-05-19T23:09:32.047271000+08:00 chat/conversation_types_provider.lua:86 INFO] Loading built-in template from: /home/qx/calculus/fx/fittencode.nvim/template/task/document-code-en.rdt.md
[2025-05-19T23:09:32.047277000+08:00 chat/conversation_types_provider.lua:86 INFO] Loading built-in template from: /home/qx/calculus/fx/fittencode.nvim/template/task/document-code-zh-cn.rdt.md
[2025-05-19T23:09:32.047283000+08:00 chat/conversation_types_provider.lua:86 INFO] Loading built-in template from: /home/qx/calculus/fx/fittencode.nvim/template/task/edit-code-en.rdt.md
[2025-05-19T23:09:32.047289000+08:00 chat/conversation_types_provider.lua:86 INFO] Loading built-in template from: /home/qx/calculus/fx/fittencode.nvim/template/task/edit-code-zh-cn.rdt.md
[2025-05-19T23:09:32.047297000+08:00 chat/conversation_types_provider.lua:86 INFO] Loading built-in template from: /home/qx/calculus/fx/fittencode.nvim/template/task/explain-code-en.rdt.md
[2025-05-19T23:09:32.047303000+08:00 chat/conversation_types_provider.lua:86 INFO] Loading built-in template from: /home/qx/calculus/fx/fittencode.nvim/template/task/explain-code-w-context.rdt.md
[2025-05-19T23:09:32.047309000+08:00 chat/conversation_types_provider.lua:86 INFO] Loading built-in template from: /home/qx/calculus/fx/fittencode.nvim/template/task/explain-code-zh-cn.rdt.md
[2025-05-19T23:09:32.047316000+08:00 chat/conversation_types_provider.lua:86 INFO] Loading built-in template from: /home/qx/calculus/fx/fittencode.nvim/template/task/find-bugs-en.rdt.md
[2025-05-19T23:09:32.047322000+08:00 chat/conversation_types_provider.lua:86 INFO] Loading built-in template from: /home/qx/calculus/fx/fittencode.nvim/template/task/find-bugs-zh-cn.rdt.md
[2025-05-19T23:09:32.047334000+08:00 chat/conversation_types_provider.lua:86 INFO] Loading built-in template from: /home/qx/calculus/fx/fittencode.nvim/template/task/generate-code-en.rdt.md
[2025-05-19T23:09:32.047340000+08:00 chat/conversation_types_provider.lua:86 INFO] Loading built-in template from: /home/qx/calculus/fx/fittencode.nvim/template/task/generate-code-zh-cn.rdt.md
[2025-05-19T23:09:32.047346000+08:00 chat/conversation_types_provider.lua:86 INFO] Loading built-in template from: /home/qx/calculus/fx/fittencode.nvim/template/task/generate-unit-test-en.rdt.md
[2025-05-19T23:09:32.047352000+08:00 chat/conversation_types_provider.lua:86 INFO] Loading built-in template from: /home/qx/calculus/fx/fittencode.nvim/template/task/generate-unit-test-zh-cn.rdt.md
[2025-05-19T23:09:32.047367000+08:00 chat/conversation_types_provider.lua:86 INFO] Loading built-in template from: /home/qx/calculus/fx/fittencode.nvim/template/task/improve-readability.rdt.md
[2025-05-19T23:09:32.047373000+08:00 chat/conversation_types_provider.lua:86 INFO] Loading built-in template from: /home/qx/calculus/fx/fittencode.nvim/template/task/optimize-code-en.rdt.md
[2025-05-19T23:09:32.047381000+08:00 chat/conversation_types_provider.lua:86 INFO] Loading built-in template from: /home/qx/calculus/fx/fittencode.nvim/template/task/optimize-code-zh-cn.rdt.md
[2025-05-19T23:09:32.047387000+08:00 chat/conversation_types_provider.lua:86 INFO] Loading built-in template from: /home/qx/calculus/fx/fittencode.nvim/template/task/terminal-fix-en.rdt.md
[2025-05-19T23:09:32.047393000+08:00 chat/conversation_types_provider.lua:86 INFO] Loading built-in template from: /home/qx/calculus/fx/fittencode.nvim/template/task/terminal-fix-zh-cn.rdt.md
[2025-05-19T23:09:32.047399000+08:00 chat/conversation_types_provider.lua:86 INFO] Loading built-in template from: /home/qx/calculus/fx/fittencode.nvim/template/task/title-chat-en.rdt.md
[2025-05-19T23:09:32.047405000+08:00 chat/conversation_types_provider.lua:86 INFO] Loading built-in template from: /home/qx/calculus/fx/fittencode.nvim/template/task/title-chat-zh-cn.rdt.md
[2025-05-19T23:09:35.346983000+08:00 chat/controller.lua:310 WARN] Failed to resolve variable filename
[2025-05-19T23:09:35.347020000+08:00 chat/controller.lua:310 WARN] Failed to resolve variable language
[2025-05-19T23:09:35.347029000+08:00 chat/controller.lua:310 WARN] Failed to resolve variable selectedText
[2025-05-19T23:09:35.347231000+08:00 chat/controller.lua:310 WARN] Failed to resolve variable lastMessage
[2025-05-19T23:09:36.641040000+08:00 chat/conversation.lua:177 DEBUG] Add user message: 1
[2025-05-19T23:09:36.641530000+08:00 chat/conversation.lua:225 DEBUG] Evaluated body: {
  ft_token = "659dec9189d3ad42d84f9619",
  inputs = "<|system|>\n请完全使用中文回答。\n<|end|>\n<|user|>\n1<|end|>\n<|assistant|>",
  meta_datas = {
    project_id = ""
  }
}
[2025-05-19T23:09:36.659504000+08:00 chat/controller.lua:310 WARN] Failed to resolve variable lastMessage
[2025-05-19T23:09:36.659532000+08:00 chat/controller.lua:310 WARN] Failed to resolve variable lastMessage
[2025-05-19T23:09:37.374161000+08:00 chat/conversation.lua:255 DEBUG] Request chat completed, completions: { "看起来", "你的", "消息", "不", "完整", "，", "能否", "提供更多", "详细", "信息", "，", "这样", "我可以", "更好地", "帮助", "你", "？", "" }
[2025-05-19T23:09:52.024754000+08:00 chat/conversation.lua:177 DEBUG] Add user message: 你的数据日期是多少
[2025-05-19T23:09:52.025727000+08:00 chat/conversation.lua:225 DEBUG] Evaluated body: {
  ft_token = "659dec9189d3ad42d84f9619",
  inputs = "<|system|>\n请完全使用中文回答。\n<|end|>\n<|user|>\n1<|end|>\n<|assistant|>\n看起来你的消息不完整，能否提供更多详细信息，这样我可以更好地帮助你？<|end|>\n<|user|>\n你的数据日期是多少<|end|>\n<|assistant|>",
  meta_datas = {
    project_id = ""
  }
}
[2025-05-19T23:09:52.032980000+08:00 chat/controller.lua:310 WARN] Failed to resolve variable lastMessage
[2025-05-19T23:09:52.033006000+08:00 chat/controller.lua:310 WARN] Failed to resolve variable lastMessage
[2025-05-19T23:09:52.974045000+08:00 chat/conversation.lua:255 DEBUG] Request chat completed, completions: { "抱歉", "，", "我", "无法", "提供", "具体的", "训练", "数据", "日期", "信息", "。", "我的", "知识", "是", "基于", "最新的", "训练", "数据", "，", "旨在", "提供", "准确", "和", "有用", "的信息", "。", "如果你", "有任何", "问题", "或", "需要", "帮助", "，请", "告诉我", "！", "" }
[2025-05-19T23:10:06.745116000+08:00 chat/conversation.lua:177 DEBUG] Add user message: 你的数据日期是多少
[2025-05-19T23:10:06.746067000+08:00 chat/conversation.lua:225 DEBUG] Evaluated body: {
  ft_token = "659dec9189d3ad42d84f9619",
  inputs = "<|system|>\n请完全使用中文回答。\n<|end|>\n<|user|>\n1<|end|>\n<|assistant|>\n看起来你的消息不完整，能否提供更多详细信息，这样我可以更好地帮助你？<|end|>\n<|user|>\n你的数据日期是多少<|end|>\n<|assistant|>\n抱歉，我无法提供具体的训练数据日期信息。我的知识是基于最新的训练数据，旨在提供准确和有用的信息。如果你有任何问题或需要帮助，请告诉我！<|end|>\n<|user|>\n你的数据日期是多少<|end|>\n<|assistant|>",
  meta_datas = {
    project_id = ""
  }
}
[2025-05-19T23:10:06.758700000+08:00 chat/controller.lua:310 WARN] Failed to resolve variable lastMessage
[2025-05-19T23:10:06.758732000+08:00 chat/controller.lua:310 WARN] Failed to resolve variable lastMessage
[2025-05-19T23:10:07.949902000+08:00 chat/conversation.lua:255 DEBUG] Request chat completed, completions: { "我无法", "提供", "具体的", "训练", "数据", "日期", "信息", "。", "我的", "知识", "库", "是", "定期", "更新", "的", "，", "包含", "最新的", "信息", "和", "数据", "。", "如果你", "有任何", "问题", "或", "需要", "帮助", "，请", "告诉我", "！", "" }
[2025-05-19T23:10:16.396823000+08:00 chat/conversation.lua:177 DEBUG] Add user message: 你的数据日期是多少
[2025-05-19T23:10:16.397418000+08:00 chat/conversation.lua:225 DEBUG] Evaluated body: {
  ft_token = "659dec9189d3ad42d84f9619",
  inputs = "<|system|>\n请完全使用中文回答。\n<|end|>\n<|user|>\n1<|end|>\n<|assistant|>\n看起来你的消息不完整，能否提供更多详细信息，这样我可以更好地帮助你？<|end|>\n<|user|>\n你的数据日期是多少<|end|>\n<|assistant|>\n抱歉，我无法提供具体的训练数据日期信息。我的知识是基于最新的训练数据，旨在提供准确和有用的信息。如果你有任何问题或需要帮助，请告诉我！<|end|>\n<|user|>\n你的数据日期是多少<|end|>\n<|assistant|>\n我无法提供具体的训练数据日期信息。我的知识库是定期更新的，包含最新的信息和数据。如果你有任何问题或需要帮助，请告诉我！<|end|>\n<|user|>\n你的数据日期是多少<|end|>\n<|assistant|>",
  meta_datas = {
    project_id = ""
  }
}
[2025-05-19T23:10:16.413914000+08:00 chat/controller.lua:310 WARN] Failed to resolve variable lastMessage
[2025-05-19T23:10:16.413975000+08:00 chat/controller.lua:310 WARN] Failed to resolve variable lastMessage
[2025-05-19T23:10:17.379457000+08:00 chat/conversation.lua:255 DEBUG] Request chat completed, completions: { "我", "无法", "提供", "具体的", "训练", "数据", "日期", "信息", "。", "我的", "知识", "是", "基于", "最新的", "训练", "数据", "，", "旨在", "提供", "准确", "和", "有用", "的信息", "。", "如果你", "有", "其他", "问题", "或", "需要", "帮助", "的地方", "，请", "告诉我", "！", "" }
[2025-05-19T23:12:44.540158000+08:00 chat/conversation.lua:177 DEBUG] Add user message: jsdlkfjdks
[2025-05-19T23:12:44.541033000+08:00 chat/conversation.lua:225 DEBUG] Evaluated body: {
  ft_token = "659dec9189d3ad42d84f9619",
  inputs = "<|system|>\n请完全使用中文回答。\n<|end|>\n<|user|>\n1<|end|>\n<|assistant|>\n看起来你的消息不完整，能否提供更多详细信息，这样我可以更好地帮助你？<|end|>\n<|user|>\n你的数据日期是多少<|end|>\n<|assistant|>\n抱歉，我无法提供具体的训练数据日期信息。我的知识是基于最新的训练数据，旨在提供准确和有用的信息。如果你有任何问题或需要帮助，请告诉我！<|end|>\n<|user|>\n你的数据日期是多少<|end|>\n<|assistant|>\n我无法提供具体的训练数据日期信息。我的知识库是定期更新的，包含最新的信息和数据。如果你有任何问题或需要帮助，请告诉我！<|end|>\n<|user|>\n你的数据日期是多少<|end|>\n<|assistant|>\n我无法提供具体的训练数据日期信息。我的知识是基于最新的训练数据，旨在提供准确和有用的信息。如果你有其他问题或需要帮助的地方，请告诉我！<|end|>\n<|user|>\njsdlkfjdks<|end|>\n<|assistant|>",
  meta_datas = {
    project_id = ""
  }
}
[2025-05-19T23:12:44.552111000+08:00 chat/controller.lua:310 WARN] Failed to resolve variable lastMessage
[2025-05-19T23:12:44.552148000+08:00 chat/controller.lua:310 WARN] Failed to resolve variable lastMessage
[2025-05-19T23:12:45.379315000+08:00 chat/conversation.lua:255 DEBUG] Request chat completed, completions: { "看起来", "你", "输入", "的内容", "是一", "串", "随机", "字符", "，", "如果你", "有任何", "问题", "或者", "需要", "帮助", "的地方", "，请", "提供", "详细", "信息", "，", "我会", "尽力", "帮助", "你", "。", "" }
[2025-05-19T23:12:52.124754000+08:00 chat/conversation.lua:177 DEBUG] Add user message: 真得吗
[2025-05-19T23:12:52.125346000+08:00 chat/conversation.lua:225 DEBUG] Evaluated body: {
  ft_token = "659dec9189d3ad42d84f9619",
  inputs = "<|system|>\n请完全使用中文回答。\n<|end|>\n<|user|>\n1<|end|>\n<|assistant|>\n看起来你的消息不完整，能否提供更多详细信息，这样我可以更好地帮助你？<|end|>\n<|user|>\n你的数据日期是多少<|end|>\n<|assistant|>\n抱歉，我无法提供具体的训练数据日期信息。我的知识是基于最新的训练数据，旨在提供准确和有用的信息。如果你有任何问题或需要帮助，请告诉我！<|end|>\n<|user|>\n你的数据日期是多少<|end|>\n<|assistant|>\n我无法提供具体的训练数据日期信息。我的知识库是定期更新的，包含最新的信息和数据。如果你有任何问题或需要帮助，请告诉我！<|end|>\n<|user|>\n你的数据日期是多少<|end|>\n<|assistant|>\n我无法提供具体的训练数据日期信息。我的知识是基于最新的训练数据，旨在提供准确和有用的信息。如果你有其他问题或需要帮助的地方，请告诉我！<|end|>\n<|user|>\njsdlkfjdks<|end|>\n<|assistant|>\n看起来你输入的内容是一串随机字符，如果你有任何问题或者需要帮助的地方，请提供详细信息，我会尽力帮助你。<|end|>\n<|user|>\n真得吗<|end|>\n<|assistant|>",
  meta_datas = {
    project_id = ""
  }
}
[2025-05-19T23:12:52.138431000+08:00 chat/controller.lua:310 WARN] Failed to resolve variable lastMessage
[2025-05-19T23:12:52.138457000+08:00 chat/controller.lua:310 WARN] Failed to resolve variable lastMessage
[2025-05-19T23:13:22.938195000+08:00 chat/conversation.lua:255 DEBUG] Request chat completed, completions: { "\0\0\0\0\0\0\0\0\n\n", "", "是", "的", "，", "真的", "可以", "。", "请", "告诉我", "你需要", "什么样的", "帮助", "或", "有什么", "问题", "，", "我会", "尽力", "为你", "解答", "。", "" }
[2025-05-19T23:14:37.220419000+08:00 chat/conversation.lua:177 DEBUG] Add user message: 会出错吗
[2025-05-19T23:14:37.221086000+08:00 chat/conversation.lua:225 DEBUG] Evaluated body: {
  ft_token = "659dec9189d3ad42d84f9619",
  inputs = "<|system|>\n请完全使用中文回答。\n<|end|>\n<|user|>\n1<|end|>\n<|assistant|>\n看起来你的消息不完整，能否提供更多详细信息，这样我可以更好地帮助你？<|end|>\n<|user|>\n你的数据日期是多少<|end|>\n<|assistant|>\n抱歉，我无法提供具体的训练数据日期信息。我的知识是基于最新的训练数据，旨在提供准确和有用的信息。如果你有任何问题或需要帮助，请告诉我！<|end|>\n<|user|>\n你的数据日期是多少<|end|>\n<|assistant|>\n我无法提供具体的训练数据日期信息。我的知识库是定期更新的，包含最新的信息和数据。如果你有任何问题或需要帮助，请告诉我！<|end|>\n<|user|>\n你的数据日期是多少<|end|>\n<|assistant|>\n我无法提供具体的训练数据日期信息。我的知识是基于最新的训练数据，旨在提供准确和有用的信息。如果你有其他问题或需要帮助的地方，请告诉我！<|end|>\n<|user|>\njsdlkfjdks<|end|>\n<|assistant|>\n看起来你输入的内容是一串随机字符，如果你有任何问题或者需要帮助的地方，请提供详细信息，我会尽力帮助你。<|end|>\n<|user|>\n真得吗<|end|>\n<|assistant|>\n\0\0\0\0\0\0\0\0\n\n是的，真的可以。请告诉我你需要什么样的帮助或有什么问题，我会尽力为你解答。<|end|>\n<|user|>\n会出错吗<|end|>\n<|assistant|>",
  meta_datas = {
    project_id = ""
  }
}
[2025-05-19T23:14:37.233974000+08:00 chat/controller.lua:310 WARN] Failed to resolve variable lastMessage
[2025-05-19T23:14:37.234000000+08:00 chat/controller.lua:310 WARN] Failed to resolve variable lastMessage
[2025-05-19T23:14:37.578860000+08:00 chat/conversation.lua:249 ERROR] Error while decoding chunk: {"detail":[{"type":"string_type","loc":["body","inputs"],"msg":"Input should be a valid string","input":[60,124,115,121,115,116,101,109,124,62,10,232,175,183,229,174,140,229,133,168,228,189,191,231,148,168,228,184,173,230,150,135,229,155,158,231,173,148,227,128,130,10,60,124,101,110,100,124,62,10,60,124,117,115,101,114,124,62,10,49,60,124,101,110,100,124,62,10,60,124,97,115,115,105,115,116,97,110,116,124,62,10,231,156,139,232,181,183,230,157,165,228,189,160,231,154,132,230,182,136,230,129,175,228,184,141,229,174,140,230,149,180,239,188,140,232,131,189,229,144,166,230,143,144,228,190,155,230,155,180,229,164,154,232,175,166,231,187,134,228,191,161,230,129,175,239,188,140,232,191,153,230,160,183,230,136,145,229,143,175,228,187,165,230,155,180,229,165,189,229,156,176,229,184,174,229,138,169,228,189,160,239,188,159,60,124,101,110,100,124,62,10,60,124,117,115,101,114,124,62,10,228,189,160,231,154,132,230,149,176,230,141,174,230,151,165,230,156,159,230,152,175,229,164,154,229,176,145,60,124,101,110,100,124,62,10,60,124,97,115,115,105,115,116,97,110,116,124,62,10,230,138,177,230,173,137,239,188,140,230,136,145,230,151,160,230,179,149,230,143,144,228,190,155,229,133,183,228,189,147,231,154,132,232,174,173,231,187,131,230,149,176,230,141,174,230,151,165,230,156,159,228,191,161,230,129,175,227,128,130,230,136,145,231,154,132,231,159,165,232,175,134,230,152,175,229,159,186,228,186,142,230,156,128,230,150,176,231,154,132,232,174,173,231,187,131,230,149,176,230,141,174,239,188,140,230,151,168,229,156,168,230,143,144,228,190,155,229,135,134,231,161,174,229,146,140,230,156,137,231,148,168,231,154,132,228,191,161,230,129,175,227,128,130,229,166,130,230,158,156,228,189,160,230,156,137,228,187,187,228,189,149,233,151,174,233,162,152,230,136,150,233,156,128,232,166,129,229,184,174,229,138,169,239,188,140,232,175,183,229,145,138,232,175,137,230,136,145,239,188,129,60,124,101,110,100,124,62,10,60,124,117,115,101,114,124,62,10,228,189,160,231,154,132,230,149,176,230,141,174,230,151,165,230,156,159,230,152,175,229,164,154,229,176,145,60,124,101,110,100,124,62,10,60,124,97,115,115,105,115,116,97,110,116,124,62,10,230,136,145,230,151,160,230,179,149,230,143,144,228,190,155,229,133,183,228,189,147,231,154,132,232,174,173,231,187,131,230,149,176,230,141,174,230,151,165,230,156,159,228,191,161,230,129,175,227,128,130,230,136,145,231,154,132,231,159,165,232,175,134,229,186,147,230,152,175,229,174,154,230,156,159,230,155,180,230,150,176,231,154,132,239,188,140,229,140,133,229,144,171,230,156,128,230,150,176,231,154,132,228,191,161,230,129,175,229,146,140,230,149,176,230,141,174,227,128,130,229,166,130,230,158,156,228,189,160,230,156,137,228,187,187,228,189,149,233,151,174,233,162,152,230,136,150,233,156,128,232,166,129,229,184,174,229,138,169,239,188,140,232,175,183,229,145,138,232,175,137,230,136,145,239,188,129,60,124,101,110,100,124,62,10,60,124,117,115,101,114,124,62,10,228,189,160,231,154,132,230,149,176,230,141,174,230,151,165,230,156,159,230,152,175,229,164,154,229,176,145,60,124,101,110,100,124,62,10,60,124,97,115,115,105,115,116,97,110,116,124,62,10,230,136,145,230,151,160,230,179,149,230,143,144,228,190,155,229,133,183,228,189,147,231,154,132,232,174,173,231,187,131,230,149,176,230,141,174,230,151,165,230,156,159,228,191,161,230,129,175,227,128,130,230,136,145,231,154,132,231,159,165,232,175,134,230,152,175,229,159,186,228,186,142,230,156,128,230,150,176,231,154,132,232,174,173,231,187,131,230,149,176,230,141,174,239,188,140,230,151,168,229,156,168,230,143,144,228,190,155,229,135,134,231,161,174,229,146,140,230,156,137,231,148,168,231,154,132,228,191,161,230,129,175,227,128,130,229,166,130,230,158,156,228,189,160,230,156,137,229,133,182,228,187,150,233,151,174,233,162,152,230,136,150,233,156,128,232,166,129,229,184,174,229,138,169,231,154,132,229,156,176,230,150,
[2025-05-19T23:14:37.579318000+08:00 chat/conversation.lua:249 ERROR] Error while decoding chunk: 185,239,188,140,232,175,183,229,145,138,232,175,137,230,136,145,239,188,129,60,124,101,110,100,124,62,10,60,124,117,115,101,114,124,62,10,106,115,100,108,107,102,106,100,107,115,60,124,101,110,100,124,62,10,60,124,97,115,115,105,115,116,97,110,116,124,62,10,231,156,139,232,181,183,230,157,165,228,189,160,232,190,147,229,133,165,231,154,132,229,134,133,229,174,185,230,152,175,228,184,128,228,184,178,233,154,143,230,156,186,229,173,151,231,172,166,239,188,140,229,166,130,230,158,156,228,189,160,230,156,137,228,187,187,228,189,149,233,151,174,233,162,152,230,136,150,232,128,133,233,156,128,232,166,129,229,184,174,229,138,169,231,154,132,229,156,176,230,150,185,239,188,140,232,175,183,230,143,144,228,190,155,232,175,166,231,187,134,228,191,161,230,129,175,239,188,140,230,136,145,228,188,154,229,176,189,229,138,155,229,184,174,229,138,169,228,189,160,227,128,130,60,124,101,110,100,124,62,10,60,124,117,115,101,114,124,62,10,231,156,159,229,190,151,229,144,151,60,124,101,110,100,124,62,10,60,124,97,115,115,105,115,116,97,110,116,124,62,10,0,0,0,0,0,0,0,0,10,10,230,152,175,231,154,132,239,188,140,231,156,159,231,154,132,229,143,175,228,187,165,227,128,130,232,175,183,229,145,138,232,175,137,230,136,145,228,189,160,233,156,128,232,166,129,228,187,128,228,185,136,230,160,183,231,154,132,229,184,174,229,138,169,230,136,150,230,156,137,228,187,128,228,185,136,233,151,174,233,162,152,239,188,140,230,136,145,228,188,154,229,176,189,229,138,155,228,184,186,228,189,160,232,167,163,231,173,148,227,128,130,60,124,101,110,100,124,62,10,60,124,117,115,101,114,124,62,10,228,188,154,229,135,186,233,148,153,229,144,151,60,124,101,110,100,124,62,10,60,124,97,115,115,105,115,116,97,110,116,124,62]}]}
[2025-05-19T23:14:37.582048000+08:00 chat/conversation.lua:259 DEBUG] Recovered from error: {
  err_chunks = { '{"detail":[{"type":"string_type","loc":["body","inputs"],"msg":"Input should be a valid string","input":[60,124,115,121,115,116,101,109,124,62,10,232,175,183,229,174,140,229,133,168,228,189,191,231,148,168,228,184,173,230,150,135,229,155,158,231,173,148,227,128,130,10,60,124,101,110,100,124,62,10,60,124,117,115,101,114,124,62,10,49,60,124,101,110,100,124,62,10,60,124,97,115,115,105,115,116,97,110,116,124,62,10,231,156,139,232,181,183,230,157,165,228,189,160,231,154,132,230,182,136,230,129,175,228,184,141,229,174,140,230,149,180,239,188,140,232,131,189,229,144,166,230,143,144,228,190,155,230,155,180,229,164,154,232,175,166,231,187,134,228,191,161,230,129,175,239,188,140,232,191,153,230,160,183,230,136,145,229,143,175,228,187,165,230,155,180,229,165,189,229,156,176,229,184,174,229,138,169,228,189,160,239,188,159,60,124,101,110,100,124,62,10,60,124,117,115,101,114,124,62,10,228,189,160,231,154,132,230,149,176,230,141,174,230,151,165,230,156,159,230,152,175,229,164,154,229,176,145,60,124,101,110,100,124,62,10,60,124,97,115,115,105,115,116,97,110,116,124,62,10,230,138,177,230,173,137,239,188,140,230,136,145,230,151,160,230,179,149,230,143,144,228,190,155,229,133,183,228,189,147,231,154,132,232,174,173,231,187,131,230,149,176,230,141,174,230,151,165,230,156,159,228,191,161,230,129,175,227,128,130,230,136,145,231,154,132,231,159,165,232,175,134,230,152,175,229,159,186,228,186,142,230,156,128,230,150,176,231,154,132,232,174,173,231,187,131,230,149,176,230,141,174,239,188,140,230,151,168,229,156,168,230,143,144,228,190,155,229,135,134,231,161,174,229,146,140,230,156,137,231,148,168,231,154,132,228,191,161,230,129,175,227,128,130,229,166,130,230,158,156,228,189,160,230,156,137,228,187,187,228,189,149,233,151,174,233,162,152,230,136,150,233,156,128,232,166,129,229,184,174,229,138,169,239,188,140,232,175,183,229,145,138,232,175,137,230,136,145,239,188,129,60,124,101,110,100,124,62,10,60,124,117,115,101,114,124,62,10,228,189,160,231,154,132,230,149,176,230,141,174,230,151,165,230,156,159,230,152,175,229,164,154,229,176,145,60,124,101,110,100,124,62,10,60,124,97,115,115,105,115,116,97,110,116,124,62,10,230,136,145,230,151,160,230,179,149,230,143,144,228,190,155,229,133,183,228,189,147,231,154,132,232,174,173,231,187,131,230,149,176,230,141,174,230,151,165,230,156,159,228,191,161,230,129,175,227,128,130,230,136,145,231,154,132,231,159,165,232,175,134,229,186,147,230,152,175,229,174,154,230,156,159,230,155,180,230,150,176,231,154,132,239,188,140,229,140,133,229,144,171,230,156,128,230,150,176,231,154,132,228,191,161,230,129,175,229,146,140,230,149,176,230,141,174,227,128,130,229,166,130,230,158,156,228,189,160,230,156,137,228,187,187,228,189,149,233,151,174,233,162,152,230,136,150,233,156,128,232,166,129,229,184,174,229,138,169,239,188,140,232,175,183,229,145,138,232,175,137,230,136,145,239,188,129,60,124,101,110,100,124,62,10,60,124,117,115,101,114,124,62,10,228,189,160,231,154,132,230,149,176,230,141,174,230,151,165,230,156,159,230,152,175,229,164,154,229,176,145,60,124,101,110,100,124,62,10,60,124,97,115,115,105,115,116,97,110,116,124,62,10,230,136,145,230,151,160,230,179,149,230,143,144,228,190,155,229,133,183,228,189,147,231,154,132,232,174,173,231,187,131,230,149,176,230,141,174,230,151,165,230,156,159,228,191,161,230,129,175,227,128,130,230,136,145,231,154,132,231,159,165,232,175,134,230,152,175,229,159,186,228,186,142,230,156,128,230,150,176,231,154,132,232,174,173,231,187,131,230,149,176,230,141,174,239,188,140,230,151,168,229,156,168,230,143,144,228,190,155,229,135,134,231,161,174,229,146,140,230,156,137,231,148,168,231,154,132,228,191,161,230,129,175,227,128,130,229,166,130,230,158,156,228,189,160,230,156,137,229,133,182,228,187,150,233,151,174,233,162,152,230,136,150,233,156,128,232,166,129,229,184,174,229,138,169,231,154,132,229,156,176,230,150,', "185,239,188,140,232,175,183,229,145,138,232,175,137,230,136,145,239,188,129,60,124,101,110,100,124,62,10,60,124,117,115,101,114,124,62,10,106,115,100,108,107,102,106,100,107,115,60,124,101,110,100,124,62,10,60,124,97,115,115,105,115,116,97,110,116,124,62,10,231,156,139,232,181,183,230,157,165,228,189,160,232,190,147,229,133,165,231,154,132,229,134,133,229,174,185,230,152,175,228,184,128,228,184,178,233,154,143,230,156,186,229,173,151,231,172,166,239,188,140,229,166,130,230,158,156,228,189,160,230,156,137,228,187,187,228,189,149,233,151,174,233,162,152,230,136,150,232,128,133,233,156,128,232,166,129,229,184,174,229,138,169,231,154,132,229,156,176,230,150,185,239,188,140,232,175,183,230,143,144,228,190,155,232,175,166,231,187,134,228,191,161,230,129,175,239,188,140,230,136,145,228,188,154,229,176,189,229,138,155,229,184,174,229,138,169,228,189,160,227,128,130,60,124,101,110,100,124,62,10,60,124,117,115,101,114,124,62,10,231,156,159,229,190,151,229,144,151,60,124,101,110,100,124,62,10,60,124,97,115,115,105,115,116,97,110,116,124,62,10,0,0,0,0,0,0,0,0,10,10,230,152,175,231,154,132,239,188,140,231,156,159,231,154,132,229,143,175,228,187,165,227,128,130,232,175,183,229,145,138,232,175,137,230,136,145,228,189,160,233,156,128,232,166,129,228,187,128,228,185,136,230,160,183,231,154,132,229,184,174,229,138,169,230,136,150,230,156,137,228,187,128,228,185,136,233,151,174,233,162,152,239,188,140,230,136,145,228,188,154,229,176,189,229,138,155,228,184,186,228,189,160,232,167,163,231,173,148,227,128,130,60,124,101,110,100,124,62,10,60,124,117,115,101,114,124,62,10,228,188,154,229,135,186,233,148,153,229,144,151,60,124,101,110,100,124,62,10,60,124,97,115,115,105,115,116,97,110,116,124,62]}]}" },
  response = {
    headers = {
      connection = "keep-alive",
      ["content-length"] = "5516",
      ["content-type"] = "application/json",
      date = "Mon, 19 May 2025 15:12:55 GMT",
      ["req-arrive-time"] = "1747667575869",
      ["req-cost-time"] = "5",
      ["resp-start-time"] = "1747667575875",
      server = "nginx/1.24.0",
      ["x-envoy-upstream-service-time"] = "4"
    },
    json = <function 1>,
    ok = false,
    status = 422,
    text = <function 2>,
    timing = <function 3>
  },
  status = 422,
  type = "HTTP_ERROR"
}
