[2025-07-05T12:40:25.602955000+08:00 inline/controller.lua:120 || DEBUG] trigger_inline_suggestion_auto autocmd = "TextChangedI", args = {
  buf = 411,
  event = "TextChangedI",
  file = "/home/qx/calculus/fx/fittencode.nvim/lua/fittencode/sourceinsight/init.lua",
  group = 32,
  id = 57,
  match = "/home/qx/calculus/fx/fittencode.nvim/lua/fittencode/sourceinsight/init.lua"
}
[2025-07-05T12:40:25.602983000+08:00 inline/controller.lua:363 |->trigger_inline_suggestion_auto->trigger_inline_suggestion| DEBUG] trigger_inline_suggestion
[2025-07-05T12:40:25.603005000+08:00 inline/controller.lua:276 |->trigger_inline_suggestion_auto->trigger_inline_suggestion->terminate_sessions| DEBUG] Terminate all sessions, sessions count = 0, selected_session_id = nil
[2025-07-05T12:40:25.615363000+08:00 fn/process.lua:75 |->pcall->->async->check_call| DEBUG] Starting process, command = "curl"
[2025-07-05T12:40:25.764365000+08:00 fn/process.lua:75 |->pcall->->async->check_call| DEBUG] Starting process, command = "md5sum"
[2025-07-05T12:40:25.764413000+08:00 fn/process.lua:75 |->pcall->->async->check_call| DEBUG] Starting process, command = "curl"
[2025-07-05T12:40:25.765164000+08:00 inline/fim_protocol/generate.lua:70 |->callback->on_fulfilled->build_diff_metadata| DEBUG] Skip computing diff metadata, last version = 937, current version = 946
[2025-07-05T12:40:25.765595000+08:00 inline/session.lua:402 |->callback->on_fulfilled| DEBUG] Session id = "B2B7F3vKlFjnPZ", version = 946, session_event = "requesting", completion_event = "getting_completion_version" --> Prompt generated
[2025-07-05T12:40:25.768863000+08:00 fn/process.lua:75 |->pcall->->async->check_call| DEBUG] Starting process, command = "gzip"
[2025-07-05T12:40:25.931632000+08:00 inline/controller.lua:128 || DEBUG] edit_completion_cancel autocmd = "InsertLeave", args = {
  buf = 411,
  event = "InsertLeave",
  file = "/home/qx/calculus/fx/fittencode.nvim/lua/fittencode/sourceinsight/init.lua",
  group = 33,
  id = 58,
  match = "/home/qx/calculus/fx/fittencode.nvim/lua/fittencode/sourceinsight/init.lua"
}
[2025-07-05T12:40:25.931680000+08:00 inline/controller.lua:276 |->edit_completion_cancel->terminate_sessions| DEBUG] Terminate all sessions, sessions count = 1, selected_session_id = "B2B7F3vKlFjnPZ"
[2025-07-05T12:40:25.931710000+08:00 inline/session.lua:284 |->edit_completion_cancel->terminate_sessions->tbl_map->->terminate| DEBUG] Session id = "B2B7F3vKlFjnPZ", version = 946, session_event = "requesting", completion_event = "getting_completion_version" --> Session terminated
[2025-07-05T12:40:25.932151000+08:00 inline/session.lua:438 |->callback->on_rejected| DEBUG] Session id = "B2B7F3vKlFjnPZ", version = 946, session_event = "terminated", completion_event = "error" --> Failed to send completions: {
  message = "User aborted",
  type = "HTTP_USER_ABORT"
}
[2025-07-05T12:40:26.124005000+08:00 integrations/completion/lsp_server.lua:104 |->callback->on_fulfilled| DEBUG] LSP Server got completion data = nil
[2025-07-05T12:40:26.125578000+08:00 integrations/completion/lsp_server.lua:89 |->run_sync->callback->callback->append->emit->on_items->cb->resolve_if_completed->resolve->->get_completions->tbl_map->->request->pcall->->request->request->method_impl| DEBUG] LSP Server got completion request = {
  context = {
    triggerKind = 1
  },
  position = {
    character = 43,
    line = 27
  },
  textDocument = {
    uri = "file:///home/qx/calculus/fx/fittencode.nvim/lua/fittencode/sourceinsight/init.lua"
  }
}
[2025-07-05T12:40:26.131818000+08:00 fn/process.lua:75 |->pcall->->async->check_call| DEBUG] Starting process, command = "md5sum"
[2025-07-05T12:40:26.131850000+08:00 fn/process.lua:75 |->pcall->->async->check_call| DEBUG] Starting process, command = "curl"
[2025-07-05T12:40:26.134593000+08:00 fn/process.lua:75 |->pcall->->async->check_call| DEBUG] Starting process, command = "gzip"
[2025-07-05T12:40:26.263971000+08:00 fn/process.lua:75 |->pcall->->async->check_call| DEBUG] Starting process, command = "curl"
[2025-07-05T12:40:26.725386000+08:00 inline/fim_protocol/parse.lua:68 |->callback->on_fulfilled->parse->build_inccmp_items| DEBUG] line_remaining = ", false, {"
[2025-07-05T12:40:26.725430000+08:00 inline/fim_protocol/parse.lua:79 |->callback->on_fulfilled->parse->build_inccmp_items| DEBUG] sub = ""
[2025-07-05T12:40:26.725441000+08:00 inline/fim_protocol/parse.lua:80 |->callback->on_fulfilled->parse->build_inccmp_items| DEBUG] completion.generated_text = "nr"
[2025-07-05T12:40:26.726068000+08:00 integrations/completion/lsp_server.lua:104 |->callback->on_fulfilled| DEBUG] LSP Server got completion data = {
  completions = { {
      col_delta = 0,
      generated_text = "nr",
      row_delta = 0
    } },
  context = " {\n        pattern = '*',\n        callback = function(args)\n            vim.api.nvim_buf_attach(args.buf<fim_middle>, false, {\n                on_lines = function(buf, changedtick, firstline, lastline, new_lastline, o",
  request_id = "1751690305.174678.900522"
}
[2025-07-05T12:40:26.726083000+08:00 integrations/completion/_lsp.lua:33 |->callback->on_fulfilled->lsp_completion_list_from_fim| DEBUG] LSP Server generated completion_list = {
  isIncomplete = false,
  items = { {
      documentation = "FittenCode...",
      insertText = "nr",
      insertTextFormat = 1,
      label = "bnr",
      textEdit = {
        newText = "nr",
        range = {
          ["end"] = {
            character = 45,
            line = 27
          },
          start = {
            character = 43,
            line = 27
          }
        }
      }
    } }
}
[2025-07-05T12:41:49.834740000+08:00 inline/view/editcmp/init.lua:210 |->func->_redraw->_update| DEBUG] View:update = {
  commit_index = 1,
  end_line = 4,
  gap_common_hunks = {},
  hunks = { {
      lines = { {
          char_diff = <1>{ {
              char = "S",
              new_range = {
                end_ = 1,
                start = 1
              },
              old_range = {
                end_ = 1,
                start = 1
              },
              type = "common"
            }, {
              char = "I",
              new_range = {
                end_ = 2,
                start = 2
              },
              old_range = {
                end_ = 2,
                start = 2
              },
              type = "common"
            }, {
              char = ".",
              new_range = {
                end_ = 3,
                start = 3
              },
              old_range = {
                end_ = 3,
                start = 3
              },
              type = "common"
            }, {
              char = "g",
              new_range = {
                end_ = 4,
                start = 4
              },
              old_range = {
                end_ = 4,
                start = 4
              },
              type = "common"
            }, {
              char = "e",
              new_range = {
                end_ = 5,
                start = 5
              },
              old_range = {
                end_ = 5,
                start = 5
              },
              type = "common"
            }, {
              char = "t",
              new_range = {
                end_ = 6,
                start = 6
              },
              old_range = {
                end_ = 6,
                start = 6
              },
              type = "common"
            }, {
              char = "_",
              new_range = {
                end_ = 7,
                start = 7
              },
              old_range = {
                end_ = 7,
                start = 7
              },
              type = "common"
            }, {
              char = "c",
              new_range = {
                end_ = 8,
                start = 8
              },
              old_range = {
                end_ = 8,
                start = 8
              },
              type = "common"
            }, {
              char = "h",
              new_range = {
                end_ = 9,
                start = 9
              },
              old_range = {
                end_ = 9,
                start = 9
              },
              type = "common"
            }, {
              char = "a",
              new_range = {
                end_ = 10,
                start = 10
              },
              old_range = {
                end_ = 10,
                start = 10
              },
              type = "common"
            }, {
              char = "n",
              new_range = {
                end_ = 11,
                start = 11
              },
              old_range = {
                end_ = 11,
                start = 11
              },
              type = "common"
            }, {
              char = "g",
              new_range = {
                end_ = 12,
                start = 12
              },
              old_range = {
                end_ = 12,
                start = 12
              },
              type = "common"
            }, {
              char = "e",
              new_range = {
                end_ = 13,
                start = 13
              },
              old_range = {
                end_ = 13,
                start = 13
              },
              type = "common"
            }, {
              char = "(",
              new_range = {
                end_ = 14,
                start = 14
              },
              old_range = {
                end_ = 14,
                start = 14
              },
              type = "common"
            }, {
              char = "b",
              new_range = {
                end_ = 15,
                start = 15
              },
              type = "add"
            }, {
              char = "u",
              new_range = {
                end_ = 16,
                start = 16
              },
              type = "add"
            }, {
              char = "f",
              new_range = {
                end_ = 17,
                start = 17
              },
              type = "add"
            }, {
              char = "n",
              new_range = {
                end_ = 18,
                start = 18
              },
              type = "add"
            }, {
              char = "r",
              new_range = {
                end_ = 19,
                start = 19
              },
              type = "add"
            }, {
              char = ",",
              new_range = {
                end_ = 20,
                start = 20
              },
              type = "add"
            }, {
              char = " ",
              new_range = {
                end_ = 21,
                start = 21
              },
              type = "add"
            }, {
              char = "c",
              new_range = {
                end_ = 22,
                start = 22
              },
              old_range = {
                end_ = 15,
                start = 15
              },
              type = "common"
            }, {
              char = "h",
              new_range = {
                end_ = 23,
                start = 23
              },
              old_range = {
                end_ = 16,
                start = 16
              },
              type = "common"
            }, {
              char = "a",
              new_range = {
                end_ = 24,
                start = 24
              },
              old_range = {
                end_ = 17,
                start = 17
              },
              type = "common"
            }, {
              char = "n",
              new_range = {
                end_ = 25,
                start = 25
              },
              old_range = {
                end_ = 18,
                start = 18
              },
              type = "common"
            }, {
              char = "g",
              new_range = {
                end_ = 26,
                start = 26
              },
              old_range = {
                end_ = 19,
                start = 19
              },
              type = "common"
            }, {
              char = "e",
              new_range = {
                end_ = 27,
                start = 27
              },
              old_range = {
                end_ = 20,
                start = 20
              },
              type = "common"
            }, {
              char = "d",
              new_range = {
                end_ = 28,
                start = 28
              },
              old_range = {
                end_ = 21,
                start = 21
              },
              type = "common"
            }, {
              char = "t",
              new_range = {
                end_ = 29,
                start = 29
              },
              old_range = {
                end_ = 22,
                start = 22
              },
              type = "common"
            }, {
              char = "i",
              new_range = {
                end_ = 30,
                start = 30
              },
              old_range = {
                end_ = 23,
                start = 23
              },
              type = "common"
            }, {
              char = "c",
              new_range = {
                end_ = 31,
                start = 31
              },
              old_range = {
                end_ = 24,
                start = 24
              },
              type = "common"
            }, {
              char = "k",
              new_range = {
                end_ = 32,
                start = 32
              },
              old_range = {
                end_ = 25,
                start = 25
              },
              type = "common"
            }, {
              char = ",",
              old_range = {
                end_ = 26,
                start = 26
              },
              type = "remove"
            }, {
              char = " ",
              old_range = {
                end_ = 27,
                start = 27
              },
              type = "remove"
            }, {
              char = "b",
              old_range = {
                end_ = 28,
                start = 28
              },
              type = "remove"
            }, {
              char = "u",
              old_range = {
                end_ = 29,
                start = 29
              },
              type = "remove"
            }, {
              char = "f",
              old_range = {
                end_ = 30,
                start = 30
              },
              type = "remove"
            }, {
              char = "n",
              old_range = {
                end_ = 31,
                start = 31
              },
              type = "remove"
            }, {
              char = "r",
              old_range = {
                end_ = 32,
                start = 32
              },
              type = "remove"
            }, {
              char = ")",
              new_range = {
                end_ = 33,
                start = 33
              },
              old_range = {
                end_ = 33,
                start = 33
              },
              type = "common"
            } },
          line = "SI.get_change(bufnr, changedtick)",
          new_lnum = 1,
          type = "add"
        }, {
          line = " ",
          new_lnum = 2,
          type = "add"
        }, {
          line = "-- 这个函数可以获取指定缓冲区的指定时间点的变化，返回一个 table，包含了变化的行号和内容",
          new_lnum = 3,
          type = "add"
        }, {
          char_diff = <table 1>,
          line = "SI.get_change(changedtick, bufnr)",
          old_lnum = 1,
          type = "remove"
        }, {
          line = "",
          old_lnum = 2,
          type = "remove"
        } },
      new_end = 3,
      new_start = 1,
      old_end = 2,
      old_start = 1
    } },
  replacement_lines = { "SI.get_change(bufnr, changedtick)", " ", "-- 这个函数可以获取指定缓冲区的指定时间点的变化，返回一个 table，包含了变化的行号和内容" },
  start_line = 3
}
[2025-07-05T12:41:49.834806000+08:00 inline/view/editcmp/init.lua:48 |->func->_redraw->_update->_render_inserted| DEBUG] View:_render_add = {
  lines = { { { "", "FittenCodeDiffInserted" } }, { { "S", "FittenCodeDiffInserted" }, { "I", "FittenCodeDiffInserted" }, { ".", "FittenCodeDiffInserted" }, { "g", "FittenCodeDiffInserted" }, { "e", "FittenCodeDiffInserted" }, { "t", "FittenCodeDiffInserted" }, { "_", "FittenCodeDiffInserted" }, { "c", "FittenCodeDiffInserted" }, { "h", "FittenCodeDiffInserted" }, { "a", "FittenCodeDiffInserted" }, { "n", "FittenCodeDiffInserted" }, { "g", "FittenCodeDiffInserted" }, { "e", "FittenCodeDiffInserted" }, { "(", "FittenCodeDiffInserted" }, { "b", "FittenCodeDiffInsertedChar" }, { "u", "FittenCodeDiffInsertedChar" }, { "f", "FittenCodeDiffInsertedChar" }, { "n", "FittenCodeDiffInsertedChar" }, { "r", "FittenCodeDiffInsertedChar" }, { ",", "FittenCodeDiffInsertedChar" }, { " ", "FittenCodeDiffInsertedChar" }, { "c", "FittenCodeDiffInserted" }, { "h", "FittenCodeDiffInserted" }, { "a", "FittenCodeDiffInserted" }, { "n", "FittenCodeDiffInserted" }, { "g", "FittenCodeDiffInserted" }, { "e", "FittenCodeDiffInserted" }, { "d", "FittenCodeDiffInserted" }, { "t", "FittenCodeDiffInserted" }, { "i", "FittenCodeDiffInserted" }, { "c", "FittenCodeDiffInserted" }, { "k", "FittenCodeDiffInserted" }, { ")", "FittenCodeDiffInserted" }, { "                                                                                                                                                                                                                                        ", "FittenCodeDiffInserted" } }, { { " ", "FittenCodeDiffInsertedChar" }, { "                                                                                                                                                                                                                                        ", "FittenCodeDiffInserted" } }, { { "-- 这个函数可以获取指定缓冲区的指定时间点的变化，返回一个 table，包含了变化的行号和内容", "FittenCodeDiffInsertedChar" }, { "                                                                                                                                                                                                                                        ", "FittenCodeDiffInserted" } } },
  pos = {
    col = -1,
    row = 4
  }
}
[2025-07-05T15:06:17.092027000+08:00 inline/controller.lua:120 || DEBUG] trigger_inline_suggestion_auto autocmd = "InsertEnter", args = {
  buf = 411,
  event = "InsertEnter",
  file = "/home/qx/calculus/fx/fittencode.nvim/lua/fittencode/sourceinsight/init.lua",
  group = 32,
  id = 57,
  match = "/home/qx/calculus/fx/fittencode.nvim/lua/fittencode/sourceinsight/init.lua"
}
[2025-07-05T15:06:17.092063000+08:00 inline/controller.lua:363 |->trigger_inline_suggestion_auto->trigger_inline_suggestion| DEBUG] trigger_inline_suggestion
[2025-07-05T15:06:17.092073000+08:00 inline/controller.lua:301 |->trigger_inline_suggestion_auto->trigger_inline_suggestion->_preflight_check| DEBUG] Preflight check failed, mode = "n", is_enabled = true
[2025-07-05T15:06:17.419665000+08:00 inline/controller.lua:128 || DEBUG] edit_completion_cancel autocmd = "InsertLeave", args = {
  buf = 411,
  event = "InsertLeave",
  file = "/home/qx/calculus/fx/fittencode.nvim/lua/fittencode/sourceinsight/init.lua",
  group = 33,
  id = 58,
  match = "/home/qx/calculus/fx/fittencode.nvim/lua/fittencode/sourceinsight/init.lua"
}
[2025-07-05T15:06:17.419712000+08:00 inline/controller.lua:276 |->edit_completion_cancel->terminate_sessions| DEBUG] Terminate all sessions, sessions count = 0, selected_session_id = nil
[2025-07-05T15:06:22.140207000+08:00 inline/controller.lua:120 || DEBUG] trigger_inline_suggestion_auto autocmd = "InsertEnter", args = {
  buf = 411,
  event = "InsertEnter",
  file = "/home/qx/calculus/fx/fittencode.nvim/lua/fittencode/sourceinsight/init.lua",
  group = 32,
  id = 57,
  match = "/home/qx/calculus/fx/fittencode.nvim/lua/fittencode/sourceinsight/init.lua"
}
[2025-07-05T15:06:22.140243000+08:00 inline/controller.lua:363 |->trigger_inline_suggestion_auto->trigger_inline_suggestion| DEBUG] trigger_inline_suggestion
[2025-07-05T15:06:22.140252000+08:00 inline/controller.lua:301 |->trigger_inline_suggestion_auto->trigger_inline_suggestion->_preflight_check| DEBUG] Preflight check failed, mode = "n", is_enabled = true
[2025-07-05T15:06:24.651867000+08:00 inline/controller.lua:128 || DEBUG] edit_completion_cancel autocmd = "InsertLeave", args = {
  buf = 411,
  event = "InsertLeave",
  file = "/home/qx/calculus/fx/fittencode.nvim/lua/fittencode/sourceinsight/init.lua",
  group = 33,
  id = 58,
  match = "/home/qx/calculus/fx/fittencode.nvim/lua/fittencode/sourceinsight/init.lua"
}
[2025-07-05T15:06:24.651909000+08:00 inline/controller.lua:276 |->edit_completion_cancel->terminate_sessions| DEBUG] Terminate all sessions, sessions count = 0, selected_session_id = nil
[2025-07-05T15:06:44.824699000+08:00 inline/controller.lua:128 |->nvim_set_current_win->| DEBUG] edit_completion_cancel autocmd = "BufLeave", args = {
  buf = 411,
  event = "BufLeave",
  file = "/home/qx/calculus/fx/fittencode.nvim/lua/fittencode/sourceinsight/init.lua",
  group = 33,
  id = 58,
  match = "/home/qx/calculus/fx/fittencode.nvim/lua/fittencode/sourceinsight/init.lua"
}
[2025-07-05T15:06:44.824740000+08:00 inline/controller.lua:276 |->nvim_set_current_win->->edit_completion_cancel->terminate_sessions| DEBUG] Terminate all sessions, sessions count = 0, selected_session_id = nil
[2025-07-05T15:21:54.811586000+08:00 inline/controller.lua:136 || DEBUG] check_availability autocmd = "BufEnter", args = {
  buf = 411,
  event = "BufEnter",
  file = "/home/qx/calculus/fx/fittencode.nvim/lua/fittencode/sourceinsight/init.lua",
  group = 34,
  id = 59,
  match = "/home/qx/calculus/fx/fittencode.nvim/lua/fittencode/sourceinsight/init.lua"
}
[2025-07-05T15:21:54.811617000+08:00 inline/controller.lua:216 |->_check_availability| DEBUG] Check availability, buf = 411, is_enabled = true
[2025-07-05T15:21:54.811640000+08:00 inline/controller.lua:276 |->_check_availability->terminate_sessions| DEBUG] Terminate all sessions, sessions count = 0, selected_session_id = nil
